# JRE version: OpenJDK Runtime Environment (8.0_282-b08) (build 1.8.0_282-b08)
# Java VM: OpenJDK 64-Bit Server VM (25.282-b08 mixed mode windows-amd64 compressed oops)
Heap:
 PSYoungGen      total 155648K, used 82490K [0x00000000f5580000, 0x00000000ffc80000, 0x0000000100000000)
  eden space 143360K, 53% used [0x00000000f5580000,0x00000000fa0bb238,0x00000000fe180000)
  from space 12288K, 44% used [0x00000000fee00000,0x00000000ff353848,0x00000000ffa00000)
  to   space 12800K, 0% used [0x00000000fe180000,0x00000000fe180000,0x00000000fee00000)
 ParOldGen       total 175104K, used 16495K [0x00000000e0000000, 0x00000000eab00000, 0x00000000f5580000)
  object space 175104K, 9% used [0x00000000e0000000,0x00000000e101be20,0x00000000eab00000)
 Metaspace       used 44882K, capacity 46794K, committed 46976K, reserved 1089536K
  class space    used 6226K, capacity 6666K, committed 6784K, reserved 1048576K
GC Heap History (10 events):
Event: 5.167 GC heap before
{Heap before GC invocations=6 (full 1):
 PSYoungGen      total 76288K, used 65536K [0x00000000f5580000, 0x00000000fea80000, 0x0000000100000000)
  eden space 65536K, 100% used [0x00000000f5580000,0x00000000f9580000,0x00000000f9580000)
  from space 10752K, 0% used [0x00000000fa000000,0x00000000fa000000,0x00000000faa80000)
  to   space 10752K, 0% used [0x00000000f9580000,0x00000000f9580000,0x00000000fa000000)
 ParOldGen       total 175104K, used 8113K [0x00000000e0000000, 0x00000000eab00000, 0x00000000f5580000)
  object space 175104K, 4% used [0x00000000e0000000,0x00000000e07ec578,0x00000000eab00000)
 Metaspace       used 28432K, capacity 29274K, committed 29440K, reserved 1075200K
  class space    used 4092K, capacity 4309K, committed 4352K, reserved 1048576K
Event: 5.173 GC heap after
Heap after GC invocations=6 (full 1):
 PSYoungGen      total 76288K, used 8207K [0x00000000f5580000, 0x00000000fcb80000, 0x0000000100000000)
  eden space 65536K, 0% used [0x00000000f5580000,0x00000000f5580000,0x00000000f9580000)
  from space 10752K, 76% used [0x00000000f9580000,0x00000000f9d83dd8,0x00000000fa000000)
  to   space 11776K, 0% used [0x00000000fc000000,0x00000000fc000000,0x00000000fcb80000)
 ParOldGen       total 175104K, used 8121K [0x00000000e0000000, 0x00000000eab00000, 0x00000000f5580000)
  object space 175104K, 4% used [0x00000000e0000000,0x00000000e07ee578,0x00000000eab00000)
 Metaspace       used 28432K, capacity 29274K, committed 29440K, reserved 1075200K
  class space    used 4092K, capacity 4309K, committed 4352K, reserved 1048576K
}
Event: 9.500 GC heap before
{Heap before GC invocations=7 (full 1):
 PSYoungGen      total 76288K, used 73743K [0x00000000f5580000, 0x00000000fcb80000, 0x0000000100000000)
  eden space 65536K, 100% used [0x00000000f5580000,0x00000000f9580000,0x00000000f9580000)
  from space 10752K, 76% used [0x00000000f9580000,0x00000000f9d83dd8,0x00000000fa000000)
  to   space 11776K, 0% used [0x00000000fc000000,0x00000000fc000000,0x00000000fcb80000)
 ParOldGen       total 175104K, used 8121K [0x00000000e0000000, 0x00000000eab00000, 0x00000000f5580000)
  object space 175104K, 4% used [0x00000000e0000000,0x00000000e07ee578,0x00000000eab00000)
 Metaspace       used 32671K, capacity 33746K, committed 33920K, reserved 1079296K
  class space    used 4635K, capacity 4924K, committed 4992K, reserved 1048576K
Event: 9.508 GC heap after
Heap after GC invocations=7 (full 1):
 PSYoungGen      total 103936K, used 10166K [0x00000000f5580000, 0x00000000fca00000, 0x0000000100000000)
  eden space 93696K, 0% used [0x00000000f5580000,0x00000000f5580000,0x00000000fb100000)
  from space 10240K, 99% used [0x00000000fc000000,0x00000000fc9ed958,0x00000000fca00000)
  to   space 12288K, 0% used [0x00000000fb200000,0x00000000fb200000,0x00000000fbe00000)
 ParOldGen       total 175104K, used 8129K [0x00000000e0000000, 0x00000000eab00000, 0x00000000f5580000)
  object space 175104K, 4% used [0x00000000e0000000,0x00000000e07f0578,0x00000000eab00000)
 Metaspace       used 32671K, capacity 33746K, committed 33920K, reserved 1079296K
  class space    used 4635K, capacity 4924K, committed 4992K, reserved 1048576K
}
Event: 9.836 GC heap before
{Heap before GC invocations=8 (full 1):
 PSYoungGen      total 103936K, used 45068K [0x00000000f5580000, 0x00000000fca00000, 0x0000000100000000)
  eden space 93696K, 37% used [0x00000000f5580000,0x00000000f7795a28,0x00000000fb100000)
  from space 10240K, 99% used [0x00000000fc000000,0x00000000fc9ed958,0x00000000fca00000)
  to   space 12288K, 0% used [0x00000000fb200000,0x00000000fb200000,0x00000000fbe00000)
 ParOldGen       total 175104K, used 8129K [0x00000000e0000000, 0x00000000eab00000, 0x00000000f5580000)
  object space 175104K, 4% used [0x00000000e0000000,0x00000000e07f0578,0x00000000eab00000)
 Metaspace       used 34288K, capacity 35472K, committed 35496K, reserved 1079296K
  class space    used 4802K, capacity 5108K, committed 5120K, reserved 1048576K
Event: 9.844 GC heap after
Heap after GC invocations=8 (full 1):
 PSYoungGen      total 107008K, used 9796K [0x00000000f5580000, 0x00000000ffa00000, 0x0000000100000000)
  eden space 94720K, 0% used [0x00000000f5580000,0x00000000f5580000,0x00000000fb200000)
  from space 12288K, 79% used [0x00000000fb200000,0x00000000fbb91368,0x00000000fbe00000)
  to   space 12288K, 0% used [0x00000000fee00000,0x00000000fee00000,0x00000000ffa00000)
 ParOldGen       total 175104K, used 8137K [0x00000000e0000000, 0x00000000eab00000, 0x00000000f5580000)
  object space 175104K, 4% used [0x00000000e0000000,0x00000000e07f2578,0x00000000eab00000)
 Metaspace       used 34288K, capacity 35472K, committed 35496K, reserved 1079296K
  class space    used 4802K, capacity 5108K, committed 5120K, reserved 1048576K
}
Event: 9.844 GC heap before
{Heap before GC invocations=9 (full 2):
 PSYoungGen      total 107008K, used 9796K [0x00000000f5580000, 0x00000000ffa00000, 0x0000000100000000)
  eden space 94720K, 0% used [0x00000000f5580000,0x00000000f5580000,0x00000000fb200000)
  from space 12288K, 79% used [0x00000000fb200000,0x00000000fbb91368,0x00000000fbe00000)
  to   space 12288K, 0% used [0x00000000fee00000,0x00000000fee00000,0x00000000ffa00000)
 ParOldGen       total 175104K, used 8137K [0x00000000e0000000, 0x00000000eab00000, 0x00000000f5580000)
  object space 175104K, 4% used [0x00000000e0000000,0x00000000e07f2578,0x00000000eab00000)
 Metaspace       used 34288K, capacity 35472K, committed 35496K, reserved 1079296K
  class space    used 4802K, capacity 5108K, committed 5120K, reserved 1048576K
Event: 9.891 GC heap after
Heap after GC invocations=9 (full 2):
 PSYoungGen      total 107008K, used 0K [0x00000000f5580000, 0x00000000ffa00000, 0x0000000100000000)
  eden space 94720K, 0% used [0x00000000f5580000,0x00000000f5580000,0x00000000fb200000)
  from space 12288K, 0% used [0x00000000fb200000,0x00000000fb200000,0x00000000fbe00000)
  to   space 12288K, 0% used [0x00000000fee00000,0x00000000fee00000,0x00000000ffa00000)
 ParOldGen       total 175104K, used 16487K [0x00000000e0000000, 0x00000000eab00000, 0x00000000f5580000)
  object space 175104K, 9% used [0x00000000e0000000,0x00000000e1019e20,0x00000000eab00000)
 Metaspace       used 34288K, capacity 35472K, committed 35496K, reserved 1079296K
  class space    used 4802K, capacity 5108K, committed 5120K, reserved 1048576K
}
Event: 10.902 GC heap before
{Heap before GC invocations=10 (full 2):
 PSYoungGen      total 107008K, used 94720K [0x00000000f5580000, 0x00000000ffa00000, 0x0000000100000000)
  eden space 94720K, 100% used [0x00000000f5580000,0x00000000fb200000,0x00000000fb200000)
  from space 12288K, 0% used [0x00000000fb200000,0x00000000fb200000,0x00000000fbe00000)
  to   space 12288K, 0% used [0x00000000fee00000,0x00000000fee00000,0x00000000ffa00000)
 ParOldGen       total 175104K, used 16487K [0x00000000e0000000, 0x00000000eab00000, 0x00000000f5580000)
  object space 175104K, 9% used [0x00000000e0000000,0x00000000e1019e20,0x00000000eab00000)
 Metaspace       used 37583K, capacity 39182K, committed 39296K, reserved 1083392K
  class space    used 5282K, capacity 5653K, committed 5760K, reserved 1048576K
Event: 10.907 GC heap after
Heap after GC invocations=10 (full 2):
 PSYoungGen      total 155648K, used 5454K [0x00000000f5580000, 0x00000000ffc80000, 0x0000000100000000)
  eden space 143360K, 0% used [0x00000000f5580000,0x00000000f5580000,0x00000000fe180000)
  from space 12288K, 44% used [0x00000000fee00000,0x00000000ff353848,0x00000000ffa00000)
  to   space 12800K, 0% used [0x00000000fe180000,0x00000000fe180000,0x00000000fee00000)
 ParOldGen       total 175104K, used 16495K [0x00000000e0000000, 0x00000000eab00000, 0x00000000f5580000)
  object space 175104K, 9% used [0x00000000e0000000,0x00000000e101be20,0x00000000eab00000)
 Metaspace       used 37583K, capacity 39182K, committed 39296K, reserved 1083392K
  class space    used 5282K, capacity 5653K, committed 5760K, reserved 1048576K
}

